35457.0 221
3 45 17 334 21 298 28 
2 328 9 35 25 
3 154 5 511 18 302 25 
2 213 10 101 33 
2 246 9 488 27 
2 508 10 437 31 
4 17 15 38 35 139 36 100 41 
2 126 6 296 24 
3 300 13 382 20 480 35 
2 494 12 455 29 
3 469 17 216 32 234 33 
3 49 10 202 21 507 36 
2 157 15 324 31 
3 281 8 53 30 70 36 
3 91 32 119 36 303 52 
4 81 19 387 22 509 28 402 44 
3 245 11 142 25 116 42 
2 285 12 156 21 
3 372 14 86 30 37 40 
2 59 14 133 27 
2 399 10 512 33 
3 218 8 85 12 322 44 
3 380 14 329 21 167 41 
2 244 20 23 36 
3 124 15 71 22 383 26 
2 264 22 4 44 
3 109 18 271 45 301 51 
3 291 25 407 40 207 44 
3 151 20 36 33 471 39 
3 266 17 458 41 347 45 
2 339 15 323 20 
2 308 16 449 46 
2 209 17 493 42 
3 484 20 254 25 143 30 
2 248 22 418 35 
2 439 23 459 35 
4 160 20 74 30 400 37 236 52 
4 403 21 423 25 240 36 457 58 
3 395 22 121 42 108 45 
2 150 22 187 32 
2 486 23 274 41 
2 184 22 452 24 
3 203 23 467 30 174 37 
2 394 20 490 36 
3 39 23 325 42 431 53 
2 268 25 55 36 
2 30 29 349 35 
3 260 22 219 27 196 32 
2 247 21 417 44 
3 166 25 294 33 369 35 
3 3 21 16 41 340 47 
2 345 26 343 56 
3 396 27 492 38 231 45 
3 456 24 436 30 275 40 
2 1 22 422 51 
2 229 26 99 37 
2 517 28 199 32 
2 84 30 230 37 
3 408 26 57 36 414 72 
3 153 30 362 45 138 57 
3 388 34 62 42 132 46 
3 473 38 350 54 433 59 
3 54 40 97 44 95 53 
2 454 37 114 48 
2 289 31 461 45 
3 175 36 277 45 487 63 
3 496 30 341 38 9 48 
3 495 44 68 48 24 56 
3 79 29 28 31 67 39 
2 129 41 385 59 
2 253 33 527 53 
2 180 28 358 43 
3 413 30 513 33 98 54 
3 374 34 135 50 515 61 
3 118 40 502 42 516 61 
2 427 40 272 49 
2 283 34 176 47 
2 365 34 188 36 
2 462 33 94 42 
2 326 32 212 68 
3 438 33 51 57 103 70 
3 460 49 255 56 238 69 
2 491 40 120 50 
2 64 38 179 45 
3 367 35 269 54 465 64 
2 304 36 110 48 
3 182 40 32 58 163 65 
3 237 42 535 56 21 66 
3 40 41 370 44 233 69 
2 312 38 93 68 
3 140 37 252 48 318 51 
2 321 56 2 72 
2 211 43 148 56 
3 190 40 241 68 193 71 
2 104 43 63 66 
3 327 45 361 53 416 76 
3 194 59 131 61 221 76 
2 429 43 379 57 
2 415 42 424 72 
2 102 53 420 62 
2 223 42 445 58 
2 307 50 158 56 
2 189 50 205 75 
2 314 51 225 54 
2 128 51 66 68 
3 356 51 342 62 360 77 
2 171 48 78 61 
2 500 46 164 65 
2 310 47 19 58 
3 524 52 525 62 149 84 
2 61 53 147 63 
3 58 52 534 66 249 82 
3 446 53 220 72 217 76 
2 292 57 206 84 
2 532 53 482 67 
3 136 52 72 73 73 82 
2 144 56 397 76 
3 390 67 183 81 468 87 
3 531 55 504 67 265 73 
2 5 57 90 63 
4 529 61 192 64 392 66 43 83 
2 50 60 44 82 
2 464 62 371 75 
3 170 57 204 68 359 77 
2 337 69 152 73 
2 42 64 528 92 
3 41 64 357 81 257 90 
3 82 65 155 67 69 70 
2 501 64 311 79 
2 165 65 425 81 
2 267 64 145 70 
3 278 68 227 83 355 110 
2 378 66 122 74 
2 251 64 210 86 
2 526 64 105 89 
2 243 77 475 84 
3 419 67 161 80 56 83 
3 130 66 319 73 48 104 
3 22 74 421 78 127 83 
2 178 66 466 99 
3 344 72 200 81 481 90 
3 333 68 346 89 406 91 
3 485 70 505 96 276 101 
2 478 71 76 83 
2 384 69 208 77 
2 106 70 232 100 
3 169 73 523 90 273 93 
4 88 71 186 84 373 107 411 112 
2 375 71 366 106 
3 451 76 279 92 368 102 
3 497 78 287 85 331 92 
3 75 72 282 82 214 90 
2 239 81 514 101 
2 258 81 89 101 
2 201 77 295 92 
3 263 74 351 86 440 100 
2 306 77 29 89 
3 353 76 181 106 115 110 
2 12 82 354 89 
2 107 81 297 106 
2 215 78 426 85 
2 27 78 364 88 
2 7 83 10 89 
3 87 78 520 86 299 90 
3 474 82 96 104 389 106 
2 530 81 288 88 
3 60 81 430 108 463 111 
2 123 82 112 90 
3 401 79 404 104 111 113 
3 441 86 313 95 506 104 
3 226 82 393 90 409 103 
3 443 81 332 85 65 93 
2 522 84 31 106 
3 197 94 434 96 448 105 
2 18 86 317 97 
2 242 88 146 119 
2 533 86 159 116 
3 262 88 315 94 309 99 
3 472 96 489 100 483 107 
3 305 87 46 94 259 122 
2 125 87 477 91 
3 195 88 47 108 33 114 
2 405 90 284 111 
2 172 90 13 95 
2 363 90 34 102 
2 26 89 52 110 
2 137 92 476 103 
2 499 98 6 122 
2 113 91 92 97 
3 222 97 80 103 386 117 
2 479 94 330 97 
2 352 96 442 111 
3 280 98 518 99 335 118 
2 519 96 191 123 
2 177 97 261 103 
2 348 98 521 108 
3 185 96 15 109 432 124 
2 162 102 286 116 
2 398 99 410 108 
2 141 102 435 109 
3 173 103 336 121 83 124 
2 224 102 228 126 
2 453 105 235 109 
3 381 106 412 113 250 122 
2 391 102 316 108 
3 290 106 8 112 450 116 
1 14 103 
2 20 106 470 123 
2 198 108 134 121 
1 320 107 
2 25 103 444 114 
2 510 109 117 120 
2 77 107 377 110 
2 256 109 270 116 
2 376 110 11 126 
2 338 107 168 115 
1 503 109 
1 293 109 
1 428 110 
1 447 111 
1 498 110 
