52423.0 339
3 616 8 431 17 362 26 
2 15 9 180 12 
3 202 18 196 28 363 33 
4 37 20 419 28 178 32 691 37 
4 86 13 483 28 187 41 573 43 
5 146 12 163 20 636 26 276 35 472 44 
3 385 22 294 31 72 33 
2 560 22 160 33 
2 532 17 200 20 
2 97 9 11 35 
3 79 14 706 29 168 35 
2 638 15 475 20 
2 598 20 439 28 
2 589 7 118 23 
2 283 15 321 24 
3 365 16 70 34 48 38 
2 470 9 657 27 
2 217 10 109 30 
2 528 23 648 28 
3 13 13 268 25 635 27 
2 369 22 337 26 
2 575 13 378 25 
2 694 9 438 47 
3 335 15 624 20 206 34 
5 71 15 182 31 214 34 298 39 382 56 
2 510 25 608 27 
2 562 18 348 34 
2 437 25 398 32 
3 305 13 641 40 98 44 
2 128 20 679 47 
2 23 14 143 22 
3 322 18 279 33 626 41 
3 330 17 613 35 698 46 
2 670 15 38 43 
2 391 22 190 40 
2 499 31 646 38 
2 571 14 668 31 
2 75 19 395 53 
2 614 46 249 48 
3 316 23 227 36 189 41 
2 318 20 695 47 
2 62 44 420 47 
2 520 20 124 52 
2 619 21 527 29 
1 577 18 
2 234 32 25 42 
2 103 21 26 31 
2 230 18 338 26 
2 538 25 19 30 
3 169 23 493 25 302 66 
3 364 37 257 49 494 51 
2 370 37 524 40 
3 40 26 513 31 543 45 
3 327 32 323 37 469 43 
3 512 22 607 47 582 60 
2 218 26 459 32 
2 304 24 191 33 
2 529 26 440 77 
2 121 28 220 34 
3 389 23 405 38 341 44 
2 548 27 22 49 
2 172 32 44 34 
2 407 29 488 34 
2 308 27 361 53 
3 78 40 45 49 531 52 
3 27 28 464 38 662 131 
1 2 32 
2 579 40 408 48 
2 592 30 164 32 
2 479 32 514 53 
2 344 35 622 52 
2 254 33 307 68 
2 699 37 673 42 
3 136 36 140 40 515 142 
3 311 37 177 47 358 49 
2 661 45 623 61 
3 696 39 334 53 30 55 
2 411 45 352 61 
2 357 42 165 56 
2 682 57 251 63 
3 506 54 392 58 430 109 
3 238 34 345 39 184 47 
3 281 43 376 50 88 74 
2 569 43 354 54 
2 436 40 299 91 
2 458 42 295 50 
2 256 41 162 64 
2 561 45 581 57 
3 211 45 621 52 333 58 
2 81 46 51 57 
3 123 39 159 57 197 68 
2 52 47 351 51 
1 554 46 
2 185 43 10 47 
2 558 44 652 75 
3 402 49 36 56 667 72 
3 394 50 452 61 480 64 
2 58 70 293 73 
2 350 46 591 62 
2 551 50 433 89 
2 275 58 222 66 
2 291 49 292 72 
2 303 64 278 72 
3 142 67 289 69 587 91 
2 384 53 492 61 
3 578 58 280 66 701 70 
2 156 49 203 51 
3 442 46 114 57 33 76 
3 349 57 474 60 194 77 
1 656 47 
2 650 51 564 66 
2 59 50 104 65 
2 644 70 255 73 
3 137 51 567 62 56 73 
3 519 67 173 70 425 90 
3 313 53 320 70 288 77 
2 676 73 340 77 
3 324 53 631 81 498 85 
3 235 54 210 86 632 94 
2 634 55 272 77 
3 534 64 216 74 167 85 
2 457 58 521 62 
2 501 65 47 78 
2 208 72 429 78 
2 93 75 654 76 
4 126 62 176 71 260 80 155 137 
3 41 69 568 82 96 88 
3 1 67 585 78 409 83 
3 193 64 424 74 550 76 
2 50 69 611 84 
2 687 67 366 75 
2 702 65 399 74 
2 570 63 597 68 
2 503 75 536 83 
3 451 62 111 70 314 144 
2 355 61 417 119 
2 390 63 447 70 
3 467 74 664 76 434 79 
2 462 66 310 72 
3 406 85 367 88 237 91 
2 629 96 90 99 
2 92 78 287 84 
2 663 83 545 98 
2 252 77 502 85 
5 377 65 31 86 453 94 141 96 54 110 
2 82 86 17 87 
3 204 71 586 91 49 97 
2 116 72 9 99 
2 262 70 53 81 
2 610 79 374 89 
1 39 70 
2 642 75 115 79 
2 448 77 147 83 
2 599 73 428 93 
2 450 76 449 90 
2 481 77 209 86 
3 212 75 87 82 441 146 
2 263 79 201 91 
2 34 79 356 92 
2 266 76 174 97 
2 135 80 148 87 
2 242 83 373 87 
2 55 98 647 100 
2 139 77 580 90 
3 161 82 127 90 612 109 
2 617 79 516 109 
3 226 84 590 92 336 110 
3 505 83 63 89 593 107 
2 183 84 672 111 
3 397 81 267 107 258 116 
4 250 82 215 98 703 108 600 117 
1 609 81 
2 665 87 120 100 
3 65 84 106 98 264 101 
2 640 89 639 120 
2 444 88 144 91 
2 602 88 232 114 
3 18 91 46 96 544 126 
1 416 90 
2 555 88 659 123 
2 478 86 456 103 
3 496 89 231 120 158 133 
2 595 91 473 98 
2 259 88 426 111 
2 312 102 572 109 
2 154 92 596 116 
2 245 100 179 107 
2 690 90 243 97 
3 539 93 166 103 12 146 
2 649 98 381 108 
2 277 99 110 100 
1 463 92 
2 403 88 666 111 
1 131 88 
1 401 88 
3 342 90 20 107 500 145 
3 557 104 43 110 219 119 
2 523 89 326 92 
2 375 91 533 108 
2 542 92 67 125 
2 633 93 692 117 
2 300 91 213 114 
2 240 123 346 125 
2 526 95 418 147 
3 466 96 537 100 353 110 
2 490 93 414 95 
1 658 96 
2 134 97 253 127 
1 547 96 
2 709 97 221 113 
2 637 96 101 131 
2 372 101 224 123 
2 461 96 84 106 
1 359 99 
1 615 97 
1 680 99 
1 393 100 
2 343 99 290 121 
2 489 96 80 148 
2 584 97 5 116 
1 186 98 
2 151 100 95 131 
2 688 108 157 117 
2 3 112 199 131 
2 76 99 282 108 
2 509 99 404 105 
2 8 99 669 127 
2 108 106 32 109 
2 119 105 443 119 
2 28 106 205 111 
2 559 99 511 131 
2 530 101 170 135 
1 247 101 
2 371 105 112 135 
2 685 101 171 130 
1 223 107 
1 236 106 
2 145 112 297 118 
2 552 102 273 115 
2 684 113 241 120 
2 271 104 618 138 
2 588 105 606 135 
2 674 109 700 125 
2 413 112 306 116 
2 360 108 368 133 
2 229 113 507 137 
1 61 107 
2 132 110 630 139 
1 388 108 
2 296 111 556 113 
1 485 108 
2 91 113 29 115 
2 102 123 535 124 
1 522 113 
2 565 117 540 125 
2 465 112 708 138 
1 99 110 
2 454 112 64 145 
2 328 131 482 138 
2 83 126 660 128 
2 274 121 248 124 
2 655 129 468 141 
2 705 127 73 135 
2 239 117 380 125 
3 653 129 546 140 69 149 
1 383 115 
2 89 136 150 137 
2 697 118 94 122 
2 686 119 225 128 
3 331 116 192 128 57 134 
2 671 121 400 130 
2 246 123 42 135 
3 329 124 74 137 138 141 
2 675 120 285 126 
1 122 118 
2 525 125 6 131 
3 207 124 518 128 133 132 
2 198 124 325 144 
1 651 124 
1 309 124 
3 445 123 396 129 7 140 
1 284 121 
2 269 133 66 135 
2 476 129 228 132 
2 678 128 422 147 
1 60 125 
2 645 123 317 126 
2 286 141 261 144 
2 415 125 583 137 
1 620 128 
3 495 138 435 142 379 154 
1 427 125 
1 707 127 
2 195 137 455 157 
2 689 135 576 138 
2 387 131 487 135 
2 347 129 566 132 
1 594 127 
2 412 129 677 152 
2 105 129 21 142 
2 563 144 175 147 
2 446 138 244 145 
2 693 129 339 145 
1 681 134 
2 149 138 100 141 
2 181 129 432 142 
2 497 132 517 147 
1 153 134 
2 107 137 625 146 
2 301 134 233 146 
2 504 137 460 146 
2 601 132 410 155 
2 319 141 16 146 
1 605 137 
2 421 138 24 167 
2 315 142 628 150 
2 14 139 35 148 
2 471 141 125 159 
2 553 137 77 141 
1 4 141 
1 113 138 
2 130 140 604 148 
1 386 138 
1 603 142 
1 270 141 
1 484 141 
2 643 140 68 149 
2 491 139 129 175 
1 117 145 
2 477 147 265 155 
2 627 144 549 158 
2 85 143 508 171 
1 704 148 
2 574 148 423 156 
2 486 143 683 162 
1 152 147 
1 332 146 
1 541 147 
1 188 148 
