5488.0 44
4 89 13 42 21 78 24 68 37 
3 97 11 19 13 36 28 
3 85 11 2 29 93 39 
3 82 14 73 33 31 47 
3 55 6 23 20 87 32 
3 38 8 45 22 58 24 
3 3 13 1 30 80 33 
3 69 25 20 32 86 43 
3 77 14 37 27 83 39 
3 57 25 75 32 94 39 
3 11 24 74 30 88 34 
3 66 30 95 38 34 51 
3 91 34 99 42 14 47 
3 22 32 8 43 76 63 
3 48 39 65 46 18 52 
3 28 39 5 42 81 49 
2 7 5 16 14 
2 17 10 96 11 
2 29 13 52 20 
2 30 11 67 17 
2 35 21 41 27 
2 25 15 56 21 
2 70 14 53 22 
2 40 23 90 32 
2 46 19 50 27 
2 79 19 72 22 
2 27 18 10 36 
2 59 24 100 38 
2 24 21 64 39 
2 6 27 51 35 
2 13 22 44 40 
2 32 30 62 47 
2 54 37 49 59 
2 84 39 47 44 
2 63 41 21 44 
2 71 46 61 58 
2 33 49 98 55 
2 92 49 39 55 
2 12 47 9 50 
1 60 41 
1 4 45 
1 26 48 
1 15 49 
1 43 50 
